# JRE version: OpenJDK Runtime Environment (8.0_152-b01) (build 1.8.0_152-release-1343-b01)
# Java VM: OpenJDK 64-Bit Server VM (25.152-b01 mixed mode windows-amd64 compressed oops)
Heap:
 PSYoungGen      total 64512K, used 42804K [0x00000000e0000000, 0x00000000e5e00000, 0x0000000100000000)
  eden space 54272K, 68% used [0x00000000e0000000,0x00000000e2411390,0x00000000e3500000)
  from space 10240K, 57% used [0x00000000e3500000,0x00000000e3abc040,0x00000000e3f00000)
  to   space 9728K, 0% used [0x00000000e5480000,0x00000000e5480000,0x00000000e5e00000)
 ParOldGen       total 58880K, used 11809K [0x00000000a0000000, 0x00000000a3980000, 0x00000000e0000000)
  object space 58880K, 20% used [0x00000000a0000000,0x00000000a0b886c8,0x00000000a3980000)
 Metaspace       used 29160K, capacity 29686K, committed 29824K, reserved 1075200K
  class space    used 3971K, capacity 4146K, committed 4224K, reserved 1048576K
GC Heap History (10 events):
Event: 10.277 GC heap before
{Heap before GC invocations=6 (full 1):
 PSYoungGen      total 37376K, used 5093K [0x00000000e0000000, 0x00000000e3480000, 0x0000000100000000)
  eden space 32256K, 0% used [0x00000000e0000000,0x00000000e0000000,0x00000000e1f80000)
  from space 5120K, 99% used [0x00000000e2000000,0x00000000e24f9740,0x00000000e2500000)
  to   space 10752K, 0% used [0x00000000e2a00000,0x00000000e2a00000,0x00000000e3480000)
 ParOldGen       total 86016K, used 9441K [0x00000000a0000000, 0x00000000a5400000, 0x00000000e0000000)
  object space 86016K, 10% used [0x00000000a0000000,0x00000000a09386e8,0x00000000a5400000)
 Metaspace       used 20654K, capacity 21102K, committed 21248K, reserved 1067008K
  class space    used 2887K, capacity 3045K, committed 3072K, reserved 1048576K
Event: 10.330 GC heap after
Heap after GC invocations=6 (full 1):
 PSYoungGen      total 37376K, used 0K [0x00000000e0000000, 0x00000000e3480000, 0x0000000100000000)
  eden space 32256K, 0% used [0x00000000e0000000,0x00000000e0000000,0x00000000e1f80000)
  from space 5120K, 0% used [0x00000000e2000000,0x00000000e2000000,0x00000000e2500000)
  to   space 10752K, 0% used [0x00000000e2a00000,0x00000000e2a00000,0x00000000e3480000)
 ParOldGen       total 58880K, used 9177K [0x00000000a0000000, 0x00000000a3980000, 0x00000000e0000000)
  object space 58880K, 15% used [0x00000000a0000000,0x00000000a08f66a8,0x00000000a3980000)
 Metaspace       used 20654K, capacity 21102K, committed 21248K, reserved 1067008K
  class space    used 2887K, capacity 3045K, committed 3072K, reserved 1048576K
}
Event: 11.154 GC heap before
{Heap before GC invocations=7 (full 1):
 PSYoungGen      total 37376K, used 32256K [0x00000000e0000000, 0x00000000e3480000, 0x0000000100000000)
  eden space 32256K, 100% used [0x00000000e0000000,0x00000000e1f80000,0x00000000e1f80000)
  from space 5120K, 0% used [0x00000000e2000000,0x00000000e2000000,0x00000000e2500000)
  to   space 10752K, 0% used [0x00000000e2a00000,0x00000000e2a00000,0x00000000e3480000)
 ParOldGen       total 58880K, used 9177K [0x00000000a0000000, 0x00000000a3980000, 0x00000000e0000000)
  object space 58880K, 15% used [0x00000000a0000000,0x00000000a08f66a8,0x00000000a3980000)
 Metaspace       used 25598K, capacity 26110K, committed 26368K, reserved 1073152K
  class space    used 3391K, capacity 3540K, committed 3584K, reserved 1048576K
Event: 11.163 GC heap after
Heap after GC invocations=7 (full 1):
 PSYoungGen      total 43008K, used 4619K [0x00000000e0000000, 0x00000000e4900000, 0x0000000100000000)
  eden space 32256K, 0% used [0x00000000e0000000,0x00000000e0000000,0x00000000e1f80000)
  from space 10752K, 42% used [0x00000000e2a00000,0x00000000e2e82fe8,0x00000000e3480000)
  to   space 10752K, 0% used [0x00000000e1f80000,0x00000000e1f80000,0x00000000e2a00000)
 ParOldGen       total 58880K, used 9185K [0x00000000a0000000, 0x00000000a3980000, 0x00000000e0000000)
  object space 58880K, 15% used [0x00000000a0000000,0x00000000a08f86a8,0x00000000a3980000)
 Metaspace       used 25598K, capacity 26110K, committed 26368K, reserved 1073152K
  class space    used 3391K, capacity 3540K, committed 3584K, reserved 1048576K
}
Event: 11.810 GC heap before
{Heap before GC invocations=8 (full 1):
 PSYoungGen      total 43008K, used 36875K [0x00000000e0000000, 0x00000000e4900000, 0x0000000100000000)
  eden space 32256K, 100% used [0x00000000e0000000,0x00000000e1f80000,0x00000000e1f80000)
  from space 10752K, 42% used [0x00000000e2a00000,0x00000000e2e82fe8,0x00000000e3480000)
  to   space 10752K, 0% used [0x00000000e1f80000,0x00000000e1f80000,0x00000000e2a00000)
 ParOldGen       total 58880K, used 9185K [0x00000000a0000000, 0x00000000a3980000, 0x00000000e0000000)
  object space 58880K, 15% used [0x00000000a0000000,0x00000000a08f86a8,0x00000000a3980000)
 Metaspace       used 27829K, capacity 28394K, committed 28544K, reserved 1073152K
  class space    used 3781K, capacity 3958K, committed 3968K, reserved 1048576K
Event: 11.819 GC heap after
Heap after GC invocations=8 (full 1):
 PSYoungGen      total 43008K, used 5664K [0x00000000e0000000, 0x00000000e4900000, 0x0000000100000000)
  eden space 32256K, 0% used [0x00000000e0000000,0x00000000e0000000,0x00000000e1f80000)
  from space 10752K, 52% used [0x00000000e1f80000,0x00000000e25081b8,0x00000000e2a00000)
  to   space 10240K, 0% used [0x00000000e3f00000,0x00000000e3f00000,0x00000000e4900000)
 ParOldGen       total 58880K, used 9193K [0x00000000a0000000, 0x00000000a3980000, 0x00000000e0000000)
  object space 58880K, 15% used [0x00000000a0000000,0x00000000a08fa6a8,0x00000000a3980000)
 Metaspace       used 27829K, capacity 28394K, committed 28544K, reserved 1073152K
  class space    used 3781K, capacity 3958K, committed 3968K, reserved 1048576K
}
Event: 13.256 GC heap before
{Heap before GC invocations=9 (full 1):
 PSYoungGen      total 43008K, used 37920K [0x00000000e0000000, 0x00000000e4900000, 0x0000000100000000)
  eden space 32256K, 100% used [0x00000000e0000000,0x00000000e1f80000,0x00000000e1f80000)
  from space 10752K, 52% used [0x00000000e1f80000,0x00000000e25081b8,0x00000000e2a00000)
  to   space 10240K, 0% used [0x00000000e3f00000,0x00000000e3f00000,0x00000000e4900000)
 ParOldGen       total 58880K, used 9193K [0x00000000a0000000, 0x00000000a3980000, 0x00000000e0000000)
  object space 58880K, 15% used [0x00000000a0000000,0x00000000a08fa6a8,0x00000000a3980000)
 Metaspace       used 29081K, capacity 29686K, committed 29824K, reserved 1075200K
  class space    used 3957K, capacity 4146K, committed 4224K, reserved 1048576K
Event: 13.273 GC heap after
Heap after GC invocations=9 (full 1):
 PSYoungGen      total 64512K, used 5568K [0x00000000e0000000, 0x00000000e4900000, 0x0000000100000000)
  eden space 54272K, 0% used [0x00000000e0000000,0x00000000e0000000,0x00000000e3500000)
  from space 10240K, 54% used [0x00000000e3f00000,0x00000000e4470000,0x00000000e4900000)
  to   space 10240K, 0% used [0x00000000e3500000,0x00000000e3500000,0x00000000e3f00000)
 ParOldGen       total 58880K, used 9201K [0x00000000a0000000, 0x00000000a3980000, 0x00000000e0000000)
  object space 58880K, 15% used [0x00000000a0000000,0x00000000a08fc6a8,0x00000000a3980000)
 Metaspace       used 29081K, capacity 29686K, committed 29824K, reserved 1075200K
  class space    used 3957K, capacity 4146K, committed 4224K, reserved 1048576K
}
Event: 14.600 GC heap before
{Heap before GC invocations=10 (full 1):
 PSYoungGen      total 64512K, used 59840K [0x00000000e0000000, 0x00000000e4900000, 0x0000000100000000)
  eden space 54272K, 100% used [0x00000000e0000000,0x00000000e3500000,0x00000000e3500000)
  from space 10240K, 54% used [0x00000000e3f00000,0x00000000e4470000,0x00000000e4900000)
  to   space 10240K, 0% used [0x00000000e3500000,0x00000000e3500000,0x00000000e3f00000)
 ParOldGen       total 58880K, used 9201K [0x00000000a0000000, 0x00000000a3980000, 0x00000000e0000000)
  object space 58880K, 15% used [0x00000000a0000000,0x00000000a08fc6a8,0x00000000a3980000)
 Metaspace       used 29096K, capacity 29686K, committed 29824K, reserved 1075200K
  class space    used 3961K, capacity 4146K, committed 4224K, reserved 1048576K
Event: 14.616 GC heap after
Heap after GC invocations=10 (full 1):
 PSYoungGen      total 64512K, used 5872K [0x00000000e0000000, 0x00000000e5e00000, 0x0000000100000000)
  eden space 54272K, 0% used [0x00000000e0000000,0x00000000e0000000,0x00000000e3500000)
  from space 10240K, 57% used [0x00000000e3500000,0x00000000e3abc040,0x00000000e3f00000)
  to   space 9728K, 0% used [0x00000000e5480000,0x00000000e5480000,0x00000000e5e00000)
 ParOldGen       total 58880K, used 11809K [0x00000000a0000000, 0x00000000a3980000, 0x00000000e0000000)
  object space 58880K, 20% used [0x00000000a0000000,0x00000000a0b886c8,0x00000000a3980000)
 Metaspace       used 29096K, capacity 29686K, committed 29824K, reserved 1075200K
  class space    used 3961K, capacity 4146K, committed 4224K, reserved 1048576K
}

